<?xml version="1.0" encoding="utf-8"?>
<TestRun id="e4680a86-fb6c-4f57-ac72-0789c16cb941" name="@Bobo 2021-05-20 12:45:38" xmlns="http://microsoft.com/schemas/VisualStudio/TeamTest/2010">
  <Times creation="2021-05-20T12:45:38.8606511-05:00" queuing="2021-05-20T12:45:38.8606512-05:00" start="2021-05-20T12:45:37.2139136-05:00" finish="2021-05-20T12:45:38.8719552-05:00" />
  <TestSettings name="default" id="9947d9b1-8e74-4cf5-885b-90be66b5ab53">
    <Deployment runDeploymentRoot="_Bobo_2021-05-20_12_45_38" />
  </TestSettings>
  <Results>
    <UnitTestResult executionId="96d21589-37c4-419f-8dff-94eef96475a6" testId="7b2654c4-5ddf-71a6-875f-fd6d0c0d6a31" testName="Revachess.Testing.UnitTest1.Test1" computerName="Bobo" duration="00:00:00.0030258" startTime="2021-05-20T12:45:38.7076632-05:00" endTime="2021-05-20T12:45:38.7077719-05:00" testType="13cdc9d9-ddb5-4fa4-a97d-d965ccfc6d4b" outcome="Passed" testListId="8c84fa94-04c1-424b-9868-57a2d4851a1d" relativeResultsDirectory="96d21589-37c4-419f-8dff-94eef96475a6" />
  </Results>
  <TestDefinitions>
    <UnitTest name="Revachess.Testing.UnitTest1.Test1" storage="/home/akovi/revature/p2/webapi/revachess.testing/bin/debug/net5.0/revachess.testing.dll" id="7b2654c4-5ddf-71a6-875f-fd6d0c0d6a31">
      <Execution id="96d21589-37c4-419f-8dff-94eef96475a6" />
      <TestMethod codeBase="/home/akovi/revature/p2/webapi/Revachess.Testing/bin/Debug/net5.0/Revachess.Testing.dll" adapterTypeName="executor://xunit/VsTestRunner2/netcoreapp" className="Revachess.Testing.UnitTest1" name="Test1" />
    </UnitTest>
  </TestDefinitions>
  <TestEntries>
    <TestEntry testId="7b2654c4-5ddf-71a6-875f-fd6d0c0d6a31" executionId="96d21589-37c4-419f-8dff-94eef96475a6" testListId="8c84fa94-04c1-424b-9868-57a2d4851a1d" />
  </TestEntries>
  <TestLists>
    <TestList name="Results Not in a List" id="8c84fa94-04c1-424b-9868-57a2d4851a1d" />
    <TestList name="All Loaded Results" id="19431567-8539-422a-85d7-44ee4e166bda" />
  </TestLists>
  <ResultSummary outcome="Completed">
    <Counters total="1" executed="1" passed="1" failed="0" error="0" timeout="0" aborted="0" inconclusive="0" passedButRunAborted="0" notRunnable="0" notExecuted="0" disconnected="0" warning="0" completed="0" inProgress="0" pending="0" />
    <Output>
      <StdOut>[xUnit.net 00:00:00.00] xUnit.net VSTest Adapter v2.4.3+1b45f5407b (64-bit .NET 5.0.5)
[xUnit.net 00:00:00.58]   Discovering: Revachess.Testing
[xUnit.net 00:00:00.63]   Discovered:  Revachess.Testing
[xUnit.net 00:00:00.63]   Starting:    Revachess.Testing
[xUnit.net 00:00:00.73]   Finished:    Revachess.Testing
</StdOut>
    </Output>
  </ResultSummary>
</TestRun>